<?xml version="1.0" encoding="UTF-8"?>
<testng-results skipped="0" failed="0" total="6" passed="6">
  <reporter-output>
    <line>
      <![CDATA[hello, im here to help u with connecting people]]>
    </line>
    <line>
      <![CDATA[hello, im here to help u with connecting people]]>
    </line>
    <line>
      <![CDATA[hello, im here to help u with connecting people]]>
    </line>
    <line>
      <![CDATA[hello, im here to help u with connecting people]]>
    </line>
    <line>
      <![CDATA[hello, im here to help u with connecting people]]>
    </line>
    <line>
      <![CDATA[hello whatsapp status]]>
    </line>
  </reporter-output>
  <suite name="Default suite" duration-ms="94" started-at="2022-06-06T07:23:47Z" finished-at="2022-06-06T07:23:47Z">
    <groups>
    </groups>
    <test name="Default test" duration-ms="94" started-at="2022-06-06T07:23:47Z" finished-at="2022-06-06T07:23:47Z">
      <class name="testng.Priority">
        <test-method status="PASS" signature="chat()[pri:1, instance:testng.Priority@68be2bc2]" name="chat" duration-ms="16" started-at="2022-06-06T12:53:47Z" finished-at="2022-06-06T12:53:47Z">
          <reporter-output>
            <line>
              <![CDATA[hello, im here to help u with connecting people]]>
            </line>
          </reporter-output>
        </test-method> <!-- chat -->
        <test-method status="PASS" signature="chat()[pri:1, instance:testng.Priority@68be2bc2]" name="chat" duration-ms="0" started-at="2022-06-06T12:53:47Z" finished-at="2022-06-06T12:53:47Z">
          <reporter-output>
            <line>
              <![CDATA[hello, im here to help u with connecting people]]>
            </line>
          </reporter-output>
        </test-method> <!-- chat -->
        <test-method status="PASS" signature="chat()[pri:1, instance:testng.Priority@68be2bc2]" name="chat" duration-ms="15" started-at="2022-06-06T12:53:47Z" finished-at="2022-06-06T12:53:47Z">
          <reporter-output>
            <line>
              <![CDATA[hello, im here to help u with connecting people]]>
            </line>
          </reporter-output>
        </test-method> <!-- chat -->
        <test-method status="PASS" signature="chat()[pri:1, instance:testng.Priority@68be2bc2]" name="chat" duration-ms="0" started-at="2022-06-06T12:53:47Z" finished-at="2022-06-06T12:53:47Z">
          <reporter-output>
            <line>
              <![CDATA[hello, im here to help u with connecting people]]>
            </line>
          </reporter-output>
        </test-method> <!-- chat -->
        <test-method status="PASS" signature="status()[pri:2, instance:testng.Priority@68be2bc2]" name="status" duration-ms="0" started-at="2022-06-06T12:53:47Z" finished-at="2022-06-06T12:53:47Z">
          <reporter-output>
            <line>
              <![CDATA[hello whatsapp status]]>
            </line>
          </reporter-output>
        </test-method> <!-- status -->
        <test-method status="PASS" signature="chat()[pri:1, instance:testng.Priority@68be2bc2]" name="chat" duration-ms="0" started-at="2022-06-06T12:53:47Z" finished-at="2022-06-06T12:53:47Z">
          <reporter-output>
            <line>
              <![CDATA[hello, im here to help u with connecting people]]>
            </line>
          </reporter-output>
        </test-method> <!-- chat -->
      </class> <!-- testng.Priority -->
    </test> <!-- Default test -->
  </suite> <!-- Default suite -->
</testng-results>
